<?xml version="1.0" encoding="UTF-8"?>
<testsuite xmlns:xsi="http://www.w3.org/2001/XMLSchema-instance" xsi:noNamespaceSchemaLocation="https://maven.apache.org/surefire/maven-surefire-plugin/xsd/surefire-test-report-3.0.xsd" version="3.0" name="dao.CategoryDBTest" time="18.84" tests="16" errors="16" skipped="0" failures="0">
  <properties>
[...]
</properties>
  <testcase name="findCategoriesByTitlePart" classname="dao.CategoryDBTest" time="2.587">
    <error message="Failed to initialize pool: FATAL: role &quot;postgres&quot; does not exist" type="com.zaxxer.hikari.pool.HikariPool$PoolInitializationException"><![CDATA[com.zaxxer.hikari.pool.HikariPool$PoolInitializationException: Failed to initialize pool: FATAL: role "postgres" does not exist
	at com.zaxxer.hikari.pool.HikariPool.throwPoolInitializationException(HikariPool.java:584)
	at com.zaxxer.hikari.pool.HikariPool.checkFailFast(HikariPool.java:571)
	at com.zaxxer.hikari.pool.HikariPool.<init>(HikariPool.java:98)
	at com.zaxxer.hikari.HikariDataSource.<init>(HikariDataSource.java:80)
	at dao.DBUtil.initializeDataSource(DBUtil.java:77)
	at dao.DBUtil.getConnection(DBUtil.java:112)
	at dao.CategoryDB.<init>(CategoryDB.java:32)
	at dao.CategoryDBTest.setUp(CategoryDBTest.java:30)
	at java.base/java.lang.reflect.Method.invoke(Method.java:580)
	at java.base/java.util.ArrayList.forEach(ArrayList.java:1596)
	at java.base/java.util.ArrayList.forEach(ArrayList.java:1596)
Caused by: org.postgresql.util.PSQLException: FATAL: role "postgres" does not exist
	at org.postgresql.core.v3.QueryExecutorImpl.receiveErrorResponse(QueryExecutorImpl.java:2875)
	at org.postgresql.core.v3.QueryExecutorImpl.readStartupMessages(QueryExecutorImpl.java:3000)
	at org.postgresql.core.v3.QueryExecutorImpl.<init>(QueryExecutorImpl.java:235)
	at org.postgresql.core.v3.ConnectionFactoryImpl.openConnectionImpl(ConnectionFactoryImpl.java:344)
	at org.postgresql.core.ConnectionFactory.openConnection(ConnectionFactory.java:57)
	at org.postgresql.jdbc.PgConnection.<init>(PgConnection.java:290)
	at org.postgresql.Driver.makeConnection(Driver.java:448)
	at org.postgresql.Driver.connect(Driver.java:298)
	at com.zaxxer.hikari.util.DriverDataSource.getConnection(DriverDataSource.java:137)
	at com.zaxxer.hikari.pool.PoolBase.newConnection(PoolBase.java:360)
	at com.zaxxer.hikari.pool.PoolBase.newPoolEntry(PoolBase.java:202)
	at com.zaxxer.hikari.pool.HikariPool.createPoolEntry(HikariPool.java:461)
	at com.zaxxer.hikari.pool.HikariPool.checkFailFast(HikariPool.java:550)
	... 9 more
]]></error>
    <system-out><![CDATA[[DEBUG_LOG] Connecting to database using local configuration
[DEBUG_LOG] Using connection properties from db.properties
]]></system-out>
    <system-err><![CDATA[1 Command successfully executed : DROP TABLE IF E...
2 Command successfully executed : DROP TABLE IF E...
3 Command successfully executed : DROP TABLE IF E...
4 Command successfully executed : DROP TABLE IF E...
5 Command successfully executed : DROP TABLE IF E...
6 Command successfully executed : DROP TABLE IF E...
7 Command successfully executed : create table ca...
8 Command successfully executed : create table cl...
9 Command successfully executed : create table ch...
10 Command successfully executed : create table cl...
11 Command successfully executed : truncate table ...
12 Command successfully executed : truncate table ...
13 Command successfully executed : truncate table ...
14 Command successfully executed : truncate table ...
15 Command successfully executed : insert into cat...
16 Command successfully executed : insert into clu...
17 Command successfully executed : insert into chi...
18 Command successfully executed : insert into clu...
SLF4J: Failed to load class "org.slf4j.impl.StaticLoggerBinder".
SLF4J: Defaulting to no-operation (NOP) logger implementation
SLF4J: See http://www.slf4j.org/codes.html#StaticLoggerBinder for further details.
]]></system-err>
  </testcase>
  <testcase name="updateCategoryShouldThrowExceptionForNullCategory" classname="dao.CategoryDBTest" time="1.071">
    <error message="Failed to initialize pool: FATAL: role &quot;postgres&quot; does not exist" type="com.zaxxer.hikari.pool.HikariPool$PoolInitializationException"><![CDATA[com.zaxxer.hikari.pool.HikariPool$PoolInitializationException: Failed to initialize pool: FATAL: role "postgres" does not exist
	at com.zaxxer.hikari.pool.HikariPool.throwPoolInitializationException(HikariPool.java:584)
	at com.zaxxer.hikari.pool.HikariPool.checkFailFast(HikariPool.java:571)
	at com.zaxxer.hikari.pool.HikariPool.<init>(HikariPool.java:98)
	at com.zaxxer.hikari.HikariDataSource.<init>(HikariDataSource.java:80)
	at dao.DBUtil.initializeDataSource(DBUtil.java:77)
	at dao.DBUtil.getConnection(DBUtil.java:112)
	at dao.CategoryDB.<init>(CategoryDB.java:32)
	at dao.CategoryDBTest.setUp(CategoryDBTest.java:30)
	at java.base/java.lang.reflect.Method.invoke(Method.java:580)
	at java.base/java.util.ArrayList.forEach(ArrayList.java:1596)
	at java.base/java.util.ArrayList.forEach(ArrayList.java:1596)
Caused by: org.postgresql.util.PSQLException: FATAL: role "postgres" does not exist
	at org.postgresql.core.v3.QueryExecutorImpl.receiveErrorResponse(QueryExecutorImpl.java:2875)
	at org.postgresql.core.v3.QueryExecutorImpl.readStartupMessages(QueryExecutorImpl.java:3000)
	at org.postgresql.core.v3.QueryExecutorImpl.<init>(QueryExecutorImpl.java:235)
	at org.postgresql.core.v3.ConnectionFactoryImpl.openConnectionImpl(ConnectionFactoryImpl.java:344)
	at org.postgresql.core.ConnectionFactory.openConnection(ConnectionFactory.java:57)
	at org.postgresql.jdbc.PgConnection.<init>(PgConnection.java:290)
	at org.postgresql.Driver.makeConnection(Driver.java:448)
	at org.postgresql.Driver.connect(Driver.java:298)
	at com.zaxxer.hikari.util.DriverDataSource.getConnection(DriverDataSource.java:137)
	at com.zaxxer.hikari.pool.PoolBase.newConnection(PoolBase.java:360)
	at com.zaxxer.hikari.pool.PoolBase.newPoolEntry(PoolBase.java:202)
	at com.zaxxer.hikari.pool.HikariPool.createPoolEntry(HikariPool.java:461)
	at com.zaxxer.hikari.pool.HikariPool.checkFailFast(HikariPool.java:550)
	... 9 more
]]></error>
    <system-out><![CDATA[[DEBUG_LOG] Connecting to database using local configuration
[DEBUG_LOG] Using connection properties from db.properties
]]></system-out>
    <system-err><![CDATA[1 Command successfully executed : DROP TABLE IF E...
2 Command successfully executed : DROP TABLE IF E...
3 Command successfully executed : DROP TABLE IF E...
4 Command successfully executed : DROP TABLE IF E...
5 Command successfully executed : DROP TABLE IF E...
6 Command successfully executed : DROP TABLE IF E...
7 Command successfully executed : create table ca...
8 Command successfully executed : create table cl...
9 Command successfully executed : create table ch...
10 Command successfully executed : create table cl...
11 Command successfully executed : truncate table ...
12 Command successfully executed : truncate table ...
13 Command successfully executed : truncate table ...
14 Command successfully executed : truncate table ...
15 Command successfully executed : insert into cat...
16 Command successfully executed : insert into clu...
17 Command successfully executed : insert into chi...
18 Command successfully executed : insert into clu...
]]></system-err>
  </testcase>
  <testcase name="addCategoryShouldThrowExceptionForNullTitle" classname="dao.CategoryDBTest" time="1.086">
    <error message="Failed to initialize pool: FATAL: role &quot;postgres&quot; does not exist" type="com.zaxxer.hikari.pool.HikariPool$PoolInitializationException"><![CDATA[com.zaxxer.hikari.pool.HikariPool$PoolInitializationException: Failed to initialize pool: FATAL: role "postgres" does not exist
	at com.zaxxer.hikari.pool.HikariPool.throwPoolInitializationException(HikariPool.java:584)
	at com.zaxxer.hikari.pool.HikariPool.checkFailFast(HikariPool.java:571)
	at com.zaxxer.hikari.pool.HikariPool.<init>(HikariPool.java:98)
	at com.zaxxer.hikari.HikariDataSource.<init>(HikariDataSource.java:80)
	at dao.DBUtil.initializeDataSource(DBUtil.java:77)
	at dao.DBUtil.getConnection(DBUtil.java:112)
	at dao.CategoryDB.<init>(CategoryDB.java:32)
	at dao.CategoryDBTest.setUp(CategoryDBTest.java:30)
	at java.base/java.lang.reflect.Method.invoke(Method.java:580)
	at java.base/java.util.ArrayList.forEach(ArrayList.java:1596)
	at java.base/java.util.ArrayList.forEach(ArrayList.java:1596)
Caused by: org.postgresql.util.PSQLException: FATAL: role "postgres" does not exist
	at org.postgresql.core.v3.QueryExecutorImpl.receiveErrorResponse(QueryExecutorImpl.java:2875)
	at org.postgresql.core.v3.QueryExecutorImpl.readStartupMessages(QueryExecutorImpl.java:3000)
	at org.postgresql.core.v3.QueryExecutorImpl.<init>(QueryExecutorImpl.java:235)
	at org.postgresql.core.v3.ConnectionFactoryImpl.openConnectionImpl(ConnectionFactoryImpl.java:344)
	at org.postgresql.core.ConnectionFactory.openConnection(ConnectionFactory.java:57)
	at org.postgresql.jdbc.PgConnection.<init>(PgConnection.java:290)
	at org.postgresql.Driver.makeConnection(Driver.java:448)
	at org.postgresql.Driver.connect(Driver.java:298)
	at com.zaxxer.hikari.util.DriverDataSource.getConnection(DriverDataSource.java:137)
	at com.zaxxer.hikari.pool.PoolBase.newConnection(PoolBase.java:360)
	at com.zaxxer.hikari.pool.PoolBase.newPoolEntry(PoolBase.java:202)
	at com.zaxxer.hikari.pool.HikariPool.createPoolEntry(HikariPool.java:461)
	at com.zaxxer.hikari.pool.HikariPool.checkFailFast(HikariPool.java:550)
	... 9 more
]]></error>
    <system-out><![CDATA[[DEBUG_LOG] Connecting to database using local configuration
[DEBUG_LOG] Using connection properties from db.properties
]]></system-out>
    <system-err><![CDATA[1 Command successfully executed : DROP TABLE IF E...
2 Command successfully executed : DROP TABLE IF E...
3 Command successfully executed : DROP TABLE IF E...
4 Command successfully executed : DROP TABLE IF E...
5 Command successfully executed : DROP TABLE IF E...
6 Command successfully executed : DROP TABLE IF E...
7 Command successfully executed : create table ca...
8 Command successfully executed : create table cl...
9 Command successfully executed : create table ch...
10 Command successfully executed : create table cl...
11 Command successfully executed : truncate table ...
12 Command successfully executed : truncate table ...
13 Command successfully executed : truncate table ...
14 Command successfully executed : truncate table ...
15 Command successfully executed : insert into cat...
16 Command successfully executed : insert into clu...
17 Command successfully executed : insert into chi...
18 Command successfully executed : insert into clu...
]]></system-err>
  </testcase>
  <testcase name="findAllChildrenInCategory" classname="dao.CategoryDBTest" time="1.092">
    <error message="Failed to initialize pool: FATAL: role &quot;postgres&quot; does not exist" type="com.zaxxer.hikari.pool.HikariPool$PoolInitializationException"><![CDATA[com.zaxxer.hikari.pool.HikariPool$PoolInitializationException: Failed to initialize pool: FATAL: role "postgres" does not exist
	at com.zaxxer.hikari.pool.HikariPool.throwPoolInitializationException(HikariPool.java:584)
	at com.zaxxer.hikari.pool.HikariPool.checkFailFast(HikariPool.java:571)
	at com.zaxxer.hikari.pool.HikariPool.<init>(HikariPool.java:98)
	at com.zaxxer.hikari.HikariDataSource.<init>(HikariDataSource.java:80)
	at dao.DBUtil.initializeDataSource(DBUtil.java:77)
	at dao.DBUtil.getConnection(DBUtil.java:112)
	at dao.CategoryDB.<init>(CategoryDB.java:32)
	at dao.CategoryDBTest.setUp(CategoryDBTest.java:30)
	at java.base/java.lang.reflect.Method.invoke(Method.java:580)
	at java.base/java.util.ArrayList.forEach(ArrayList.java:1596)
	at java.base/java.util.ArrayList.forEach(ArrayList.java:1596)
Caused by: org.postgresql.util.PSQLException: FATAL: role "postgres" does not exist
	at org.postgresql.core.v3.QueryExecutorImpl.receiveErrorResponse(QueryExecutorImpl.java:2875)
	at org.postgresql.core.v3.QueryExecutorImpl.readStartupMessages(QueryExecutorImpl.java:3000)
	at org.postgresql.core.v3.QueryExecutorImpl.<init>(QueryExecutorImpl.java:235)
	at org.postgresql.core.v3.ConnectionFactoryImpl.openConnectionImpl(ConnectionFactoryImpl.java:344)
	at org.postgresql.core.ConnectionFactory.openConnection(ConnectionFactory.java:57)
	at org.postgresql.jdbc.PgConnection.<init>(PgConnection.java:290)
	at org.postgresql.Driver.makeConnection(Driver.java:448)
	at org.postgresql.Driver.connect(Driver.java:298)
	at com.zaxxer.hikari.util.DriverDataSource.getConnection(DriverDataSource.java:137)
	at com.zaxxer.hikari.pool.PoolBase.newConnection(PoolBase.java:360)
	at com.zaxxer.hikari.pool.PoolBase.newPoolEntry(PoolBase.java:202)
	at com.zaxxer.hikari.pool.HikariPool.createPoolEntry(HikariPool.java:461)
	at com.zaxxer.hikari.pool.HikariPool.checkFailFast(HikariPool.java:550)
	... 9 more
]]></error>
    <system-out><![CDATA[[DEBUG_LOG] Connecting to database using local configuration
[DEBUG_LOG] Using connection properties from db.properties
]]></system-out>
    <system-err><![CDATA[1 Command successfully executed : DROP TABLE IF E...
2 Command successfully executed : DROP TABLE IF E...
3 Command successfully executed : DROP TABLE IF E...
4 Command successfully executed : DROP TABLE IF E...
5 Command successfully executed : DROP TABLE IF E...
6 Command successfully executed : DROP TABLE IF E...
7 Command successfully executed : create table ca...
8 Command successfully executed : create table cl...
9 Command successfully executed : create table ch...
10 Command successfully executed : create table cl...
11 Command successfully executed : truncate table ...
12 Command successfully executed : truncate table ...
13 Command successfully executed : truncate table ...
14 Command successfully executed : truncate table ...
15 Command successfully executed : insert into cat...
16 Command successfully executed : insert into clu...
17 Command successfully executed : insert into chi...
18 Command successfully executed : insert into clu...
]]></system-err>
  </testcase>
  <testcase name="addCategoryShouldThrowExceptionForEmptyTitle" classname="dao.CategoryDBTest" time="1.101">
    <error message="Failed to initialize pool: FATAL: role &quot;postgres&quot; does not exist" type="com.zaxxer.hikari.pool.HikariPool$PoolInitializationException"><![CDATA[com.zaxxer.hikari.pool.HikariPool$PoolInitializationException: Failed to initialize pool: FATAL: role "postgres" does not exist
	at com.zaxxer.hikari.pool.HikariPool.throwPoolInitializationException(HikariPool.java:584)
	at com.zaxxer.hikari.pool.HikariPool.checkFailFast(HikariPool.java:571)
	at com.zaxxer.hikari.pool.HikariPool.<init>(HikariPool.java:98)
	at com.zaxxer.hikari.HikariDataSource.<init>(HikariDataSource.java:80)
	at dao.DBUtil.initializeDataSource(DBUtil.java:77)
	at dao.DBUtil.getConnection(DBUtil.java:112)
	at dao.CategoryDB.<init>(CategoryDB.java:32)
	at dao.CategoryDBTest.setUp(CategoryDBTest.java:30)
	at java.base/java.lang.reflect.Method.invoke(Method.java:580)
	at java.base/java.util.ArrayList.forEach(ArrayList.java:1596)
	at java.base/java.util.ArrayList.forEach(ArrayList.java:1596)
Caused by: org.postgresql.util.PSQLException: FATAL: role "postgres" does not exist
	at org.postgresql.core.v3.QueryExecutorImpl.receiveErrorResponse(QueryExecutorImpl.java:2875)
	at org.postgresql.core.v3.QueryExecutorImpl.readStartupMessages(QueryExecutorImpl.java:3000)
	at org.postgresql.core.v3.QueryExecutorImpl.<init>(QueryExecutorImpl.java:235)
	at org.postgresql.core.v3.ConnectionFactoryImpl.openConnectionImpl(ConnectionFactoryImpl.java:344)
	at org.postgresql.core.ConnectionFactory.openConnection(ConnectionFactory.java:57)
	at org.postgresql.jdbc.PgConnection.<init>(PgConnection.java:290)
	at org.postgresql.Driver.makeConnection(Driver.java:448)
	at org.postgresql.Driver.connect(Driver.java:298)
	at com.zaxxer.hikari.util.DriverDataSource.getConnection(DriverDataSource.java:137)
	at com.zaxxer.hikari.pool.PoolBase.newConnection(PoolBase.java:360)
	at com.zaxxer.hikari.pool.PoolBase.newPoolEntry(PoolBase.java:202)
	at com.zaxxer.hikari.pool.HikariPool.createPoolEntry(HikariPool.java:461)
	at com.zaxxer.hikari.pool.HikariPool.checkFailFast(HikariPool.java:550)
	... 9 more
]]></error>
    <system-out><![CDATA[[DEBUG_LOG] Connecting to database using local configuration
[DEBUG_LOG] Using connection properties from db.properties
]]></system-out>
    <system-err><![CDATA[1 Command successfully executed : DROP TABLE IF E...
2 Command successfully executed : DROP TABLE IF E...
3 Command successfully executed : DROP TABLE IF E...
4 Command successfully executed : DROP TABLE IF E...
5 Command successfully executed : DROP TABLE IF E...
6 Command successfully executed : DROP TABLE IF E...
7 Command successfully executed : create table ca...
8 Command successfully executed : create table cl...
9 Command successfully executed : create table ch...
10 Command successfully executed : create table cl...
11 Command successfully executed : truncate table ...
12 Command successfully executed : truncate table ...
13 Command successfully executed : truncate table ...
14 Command successfully executed : truncate table ...
15 Command successfully executed : insert into cat...
16 Command successfully executed : insert into clu...
17 Command successfully executed : insert into chi...
18 Command successfully executed : insert into clu...
]]></system-err>
  </testcase>
  <testcase name="incrementCategoryCountWhenAddNewCategory" classname="dao.CategoryDBTest" time="1.071">
    <error message="Failed to initialize pool: FATAL: role &quot;postgres&quot; does not exist" type="com.zaxxer.hikari.pool.HikariPool$PoolInitializationException"><![CDATA[com.zaxxer.hikari.pool.HikariPool$PoolInitializationException: Failed to initialize pool: FATAL: role "postgres" does not exist
	at com.zaxxer.hikari.pool.HikariPool.throwPoolInitializationException(HikariPool.java:584)
	at com.zaxxer.hikari.pool.HikariPool.checkFailFast(HikariPool.java:571)
	at com.zaxxer.hikari.pool.HikariPool.<init>(HikariPool.java:98)
	at com.zaxxer.hikari.HikariDataSource.<init>(HikariDataSource.java:80)
	at dao.DBUtil.initializeDataSource(DBUtil.java:77)
	at dao.DBUtil.getConnection(DBUtil.java:112)
	at dao.CategoryDB.<init>(CategoryDB.java:32)
	at dao.CategoryDBTest.setUp(CategoryDBTest.java:30)
	at java.base/java.lang.reflect.Method.invoke(Method.java:580)
	at java.base/java.util.ArrayList.forEach(ArrayList.java:1596)
	at java.base/java.util.ArrayList.forEach(ArrayList.java:1596)
Caused by: org.postgresql.util.PSQLException: FATAL: role "postgres" does not exist
	at org.postgresql.core.v3.QueryExecutorImpl.receiveErrorResponse(QueryExecutorImpl.java:2875)
	at org.postgresql.core.v3.QueryExecutorImpl.readStartupMessages(QueryExecutorImpl.java:3000)
	at org.postgresql.core.v3.QueryExecutorImpl.<init>(QueryExecutorImpl.java:235)
	at org.postgresql.core.v3.ConnectionFactoryImpl.openConnectionImpl(ConnectionFactoryImpl.java:344)
	at org.postgresql.core.ConnectionFactory.openConnection(ConnectionFactory.java:57)
	at org.postgresql.jdbc.PgConnection.<init>(PgConnection.java:290)
	at org.postgresql.Driver.makeConnection(Driver.java:448)
	at org.postgresql.Driver.connect(Driver.java:298)
	at com.zaxxer.hikari.util.DriverDataSource.getConnection(DriverDataSource.java:137)
	at com.zaxxer.hikari.pool.PoolBase.newConnection(PoolBase.java:360)
	at com.zaxxer.hikari.pool.PoolBase.newPoolEntry(PoolBase.java:202)
	at com.zaxxer.hikari.pool.HikariPool.createPoolEntry(HikariPool.java:461)
	at com.zaxxer.hikari.pool.HikariPool.checkFailFast(HikariPool.java:550)
	... 9 more
]]></error>
    <system-out><![CDATA[[DEBUG_LOG] Connecting to database using local configuration
[DEBUG_LOG] Using connection properties from db.properties
]]></system-out>
    <system-err><![CDATA[1 Command successfully executed : DROP TABLE IF E...
2 Command successfully executed : DROP TABLE IF E...
3 Command successfully executed : DROP TABLE IF E...
4 Command successfully executed : DROP TABLE IF E...
5 Command successfully executed : DROP TABLE IF E...
6 Command successfully executed : DROP TABLE IF E...
7 Command successfully executed : create table ca...
8 Command successfully executed : create table cl...
9 Command successfully executed : create table ch...
10 Command successfully executed : create table cl...
11 Command successfully executed : truncate table ...
12 Command successfully executed : truncate table ...
13 Command successfully executed : truncate table ...
14 Command successfully executed : truncate table ...
15 Command successfully executed : insert into cat...
16 Command successfully executed : insert into clu...
17 Command successfully executed : insert into chi...
18 Command successfully executed : insert into clu...
]]></system-err>
  </testcase>
  <testcase name="updateCategoryShouldThrowExceptionForNullId" classname="dao.CategoryDBTest" time="1.085">
    <error message="Failed to initialize pool: FATAL: role &quot;postgres&quot; does not exist" type="com.zaxxer.hikari.pool.HikariPool$PoolInitializationException"><![CDATA[com.zaxxer.hikari.pool.HikariPool$PoolInitializationException: Failed to initialize pool: FATAL: role "postgres" does not exist
	at com.zaxxer.hikari.pool.HikariPool.throwPoolInitializationException(HikariPool.java:584)
	at com.zaxxer.hikari.pool.HikariPool.checkFailFast(HikariPool.java:571)
	at com.zaxxer.hikari.pool.HikariPool.<init>(HikariPool.java:98)
	at com.zaxxer.hikari.HikariDataSource.<init>(HikariDataSource.java:80)
	at dao.DBUtil.initializeDataSource(DBUtil.java:77)
	at dao.DBUtil.getConnection(DBUtil.java:112)
	at dao.CategoryDB.<init>(CategoryDB.java:32)
	at dao.CategoryDBTest.setUp(CategoryDBTest.java:30)
	at java.base/java.lang.reflect.Method.invoke(Method.java:580)
	at java.base/java.util.ArrayList.forEach(ArrayList.java:1596)
	at java.base/java.util.ArrayList.forEach(ArrayList.java:1596)
Caused by: org.postgresql.util.PSQLException: FATAL: role "postgres" does not exist
	at org.postgresql.core.v3.QueryExecutorImpl.receiveErrorResponse(QueryExecutorImpl.java:2875)
	at org.postgresql.core.v3.QueryExecutorImpl.readStartupMessages(QueryExecutorImpl.java:3000)
	at org.postgresql.core.v3.QueryExecutorImpl.<init>(QueryExecutorImpl.java:235)
	at org.postgresql.core.v3.ConnectionFactoryImpl.openConnectionImpl(ConnectionFactoryImpl.java:344)
	at org.postgresql.core.ConnectionFactory.openConnection(ConnectionFactory.java:57)
	at org.postgresql.jdbc.PgConnection.<init>(PgConnection.java:290)
	at org.postgresql.Driver.makeConnection(Driver.java:448)
	at org.postgresql.Driver.connect(Driver.java:298)
	at com.zaxxer.hikari.util.DriverDataSource.getConnection(DriverDataSource.java:137)
	at com.zaxxer.hikari.pool.PoolBase.newConnection(PoolBase.java:360)
	at com.zaxxer.hikari.pool.PoolBase.newPoolEntry(PoolBase.java:202)
	at com.zaxxer.hikari.pool.HikariPool.createPoolEntry(HikariPool.java:461)
	at com.zaxxer.hikari.pool.HikariPool.checkFailFast(HikariPool.java:550)
	... 9 more
]]></error>
    <system-out><![CDATA[[DEBUG_LOG] Connecting to database using local configuration
[DEBUG_LOG] Using connection properties from db.properties
]]></system-out>
    <system-err><![CDATA[1 Command successfully executed : DROP TABLE IF E...
2 Command successfully executed : DROP TABLE IF E...
3 Command successfully executed : DROP TABLE IF E...
4 Command successfully executed : DROP TABLE IF E...
5 Command successfully executed : DROP TABLE IF E...
6 Command successfully executed : DROP TABLE IF E...
7 Command successfully executed : create table ca...
8 Command successfully executed : create table cl...
9 Command successfully executed : create table ch...
10 Command successfully executed : create table cl...
11 Command successfully executed : truncate table ...
12 Command successfully executed : truncate table ...
13 Command successfully executed : truncate table ...
14 Command successfully executed : truncate table ...
15 Command successfully executed : insert into cat...
16 Command successfully executed : insert into clu...
17 Command successfully executed : insert into chi...
18 Command successfully executed : insert into clu...
]]></system-err>
  </testcase>
  <testcase name="updateCategoryShouldThrowExceptionForNullTitle" classname="dao.CategoryDBTest" time="1.081">
    <error message="Failed to initialize pool: FATAL: role &quot;postgres&quot; does not exist" type="com.zaxxer.hikari.pool.HikariPool$PoolInitializationException"><![CDATA[com.zaxxer.hikari.pool.HikariPool$PoolInitializationException: Failed to initialize pool: FATAL: role "postgres" does not exist
	at com.zaxxer.hikari.pool.HikariPool.throwPoolInitializationException(HikariPool.java:584)
	at com.zaxxer.hikari.pool.HikariPool.checkFailFast(HikariPool.java:571)
	at com.zaxxer.hikari.pool.HikariPool.<init>(HikariPool.java:98)
	at com.zaxxer.hikari.HikariDataSource.<init>(HikariDataSource.java:80)
	at dao.DBUtil.initializeDataSource(DBUtil.java:77)
	at dao.DBUtil.getConnection(DBUtil.java:112)
	at dao.CategoryDB.<init>(CategoryDB.java:32)
	at dao.CategoryDBTest.setUp(CategoryDBTest.java:30)
	at java.base/java.lang.reflect.Method.invoke(Method.java:580)
	at java.base/java.util.ArrayList.forEach(ArrayList.java:1596)
	at java.base/java.util.ArrayList.forEach(ArrayList.java:1596)
Caused by: org.postgresql.util.PSQLException: FATAL: role "postgres" does not exist
	at org.postgresql.core.v3.QueryExecutorImpl.receiveErrorResponse(QueryExecutorImpl.java:2875)
	at org.postgresql.core.v3.QueryExecutorImpl.readStartupMessages(QueryExecutorImpl.java:3000)
	at org.postgresql.core.v3.QueryExecutorImpl.<init>(QueryExecutorImpl.java:235)
	at org.postgresql.core.v3.ConnectionFactoryImpl.openConnectionImpl(ConnectionFactoryImpl.java:344)
	at org.postgresql.core.ConnectionFactory.openConnection(ConnectionFactory.java:57)
	at org.postgresql.jdbc.PgConnection.<init>(PgConnection.java:290)
	at org.postgresql.Driver.makeConnection(Driver.java:448)
	at org.postgresql.Driver.connect(Driver.java:298)
	at com.zaxxer.hikari.util.DriverDataSource.getConnection(DriverDataSource.java:137)
	at com.zaxxer.hikari.pool.PoolBase.newConnection(PoolBase.java:360)
	at com.zaxxer.hikari.pool.PoolBase.newPoolEntry(PoolBase.java:202)
	at com.zaxxer.hikari.pool.HikariPool.createPoolEntry(HikariPool.java:461)
	at com.zaxxer.hikari.pool.HikariPool.checkFailFast(HikariPool.java:550)
	... 9 more
]]></error>
    <system-out><![CDATA[[DEBUG_LOG] Connecting to database using local configuration
[DEBUG_LOG] Using connection properties from db.properties
]]></system-out>
    <system-err><![CDATA[1 Command successfully executed : DROP TABLE IF E...
2 Command successfully executed : DROP TABLE IF E...
3 Command successfully executed : DROP TABLE IF E...
4 Command successfully executed : DROP TABLE IF E...
5 Command successfully executed : DROP TABLE IF E...
6 Command successfully executed : DROP TABLE IF E...
7 Command successfully executed : create table ca...
8 Command successfully executed : create table cl...
9 Command successfully executed : create table ch...
10 Command successfully executed : create table cl...
11 Command successfully executed : truncate table ...
12 Command successfully executed : truncate table ...
13 Command successfully executed : truncate table ...
14 Command successfully executed : truncate table ...
15 Command successfully executed : insert into cat...
16 Command successfully executed : insert into clu...
17 Command successfully executed : insert into chi...
18 Command successfully executed : insert into clu...
]]></system-err>
  </testcase>
  <testcase name="deleteExistingCategory" classname="dao.CategoryDBTest" time="1.056">
    <error message="Failed to initialize pool: FATAL: role &quot;postgres&quot; does not exist" type="com.zaxxer.hikari.pool.HikariPool$PoolInitializationException"><![CDATA[com.zaxxer.hikari.pool.HikariPool$PoolInitializationException: Failed to initialize pool: FATAL: role "postgres" does not exist
	at com.zaxxer.hikari.pool.HikariPool.throwPoolInitializationException(HikariPool.java:584)
	at com.zaxxer.hikari.pool.HikariPool.checkFailFast(HikariPool.java:571)
	at com.zaxxer.hikari.pool.HikariPool.<init>(HikariPool.java:98)
	at com.zaxxer.hikari.HikariDataSource.<init>(HikariDataSource.java:80)
	at dao.DBUtil.initializeDataSource(DBUtil.java:77)
	at dao.DBUtil.getConnection(DBUtil.java:112)
	at dao.CategoryDB.<init>(CategoryDB.java:32)
	at dao.CategoryDBTest.setUp(CategoryDBTest.java:30)
	at java.base/java.lang.reflect.Method.invoke(Method.java:580)
	at java.base/java.util.ArrayList.forEach(ArrayList.java:1596)
	at java.base/java.util.ArrayList.forEach(ArrayList.java:1596)
Caused by: org.postgresql.util.PSQLException: FATAL: role "postgres" does not exist
	at org.postgresql.core.v3.QueryExecutorImpl.receiveErrorResponse(QueryExecutorImpl.java:2875)
	at org.postgresql.core.v3.QueryExecutorImpl.readStartupMessages(QueryExecutorImpl.java:3000)
	at org.postgresql.core.v3.QueryExecutorImpl.<init>(QueryExecutorImpl.java:235)
	at org.postgresql.core.v3.ConnectionFactoryImpl.openConnectionImpl(ConnectionFactoryImpl.java:344)
	at org.postgresql.core.ConnectionFactory.openConnection(ConnectionFactory.java:57)
	at org.postgresql.jdbc.PgConnection.<init>(PgConnection.java:290)
	at org.postgresql.Driver.makeConnection(Driver.java:448)
	at org.postgresql.Driver.connect(Driver.java:298)
	at com.zaxxer.hikari.util.DriverDataSource.getConnection(DriverDataSource.java:137)
	at com.zaxxer.hikari.pool.PoolBase.newConnection(PoolBase.java:360)
	at com.zaxxer.hikari.pool.PoolBase.newPoolEntry(PoolBase.java:202)
	at com.zaxxer.hikari.pool.HikariPool.createPoolEntry(HikariPool.java:461)
	at com.zaxxer.hikari.pool.HikariPool.checkFailFast(HikariPool.java:550)
	... 9 more
]]></error>
    <system-out><![CDATA[[DEBUG_LOG] Connecting to database using local configuration
[DEBUG_LOG] Using connection properties from db.properties
]]></system-out>
    <system-err><![CDATA[1 Command successfully executed : DROP TABLE IF E...
2 Command successfully executed : DROP TABLE IF E...
3 Command successfully executed : DROP TABLE IF E...
4 Command successfully executed : DROP TABLE IF E...
5 Command successfully executed : DROP TABLE IF E...
6 Command successfully executed : DROP TABLE IF E...
7 Command successfully executed : create table ca...
8 Command successfully executed : create table cl...
9 Command successfully executed : create table ch...
10 Command successfully executed : create table cl...
11 Command successfully executed : truncate table ...
12 Command successfully executed : truncate table ...
13 Command successfully executed : truncate table ...
14 Command successfully executed : truncate table ...
15 Command successfully executed : insert into cat...
16 Command successfully executed : insert into clu...
17 Command successfully executed : insert into chi...
18 Command successfully executed : insert into clu...
]]></system-err>
  </testcase>
  <testcase name="unchangedCategoryCountWhenAddCategoryWithExistingTitle" classname="dao.CategoryDBTest" time="1.092">
    <error message="Failed to initialize pool: FATAL: role &quot;postgres&quot; does not exist" type="com.zaxxer.hikari.pool.HikariPool$PoolInitializationException"><![CDATA[com.zaxxer.hikari.pool.HikariPool$PoolInitializationException: Failed to initialize pool: FATAL: role "postgres" does not exist
	at com.zaxxer.hikari.pool.HikariPool.throwPoolInitializationException(HikariPool.java:584)
	at com.zaxxer.hikari.pool.HikariPool.checkFailFast(HikariPool.java:571)
	at com.zaxxer.hikari.pool.HikariPool.<init>(HikariPool.java:98)
	at com.zaxxer.hikari.HikariDataSource.<init>(HikariDataSource.java:80)
	at dao.DBUtil.initializeDataSource(DBUtil.java:77)
	at dao.DBUtil.getConnection(DBUtil.java:112)
	at dao.CategoryDB.<init>(CategoryDB.java:32)
	at dao.CategoryDBTest.setUp(CategoryDBTest.java:30)
	at java.base/java.lang.reflect.Method.invoke(Method.java:580)
	at java.base/java.util.ArrayList.forEach(ArrayList.java:1596)
	at java.base/java.util.ArrayList.forEach(ArrayList.java:1596)
Caused by: org.postgresql.util.PSQLException: FATAL: role "postgres" does not exist
	at org.postgresql.core.v3.QueryExecutorImpl.receiveErrorResponse(QueryExecutorImpl.java:2875)
	at org.postgresql.core.v3.QueryExecutorImpl.readStartupMessages(QueryExecutorImpl.java:3000)
	at org.postgresql.core.v3.QueryExecutorImpl.<init>(QueryExecutorImpl.java:235)
	at org.postgresql.core.v3.ConnectionFactoryImpl.openConnectionImpl(ConnectionFactoryImpl.java:344)
	at org.postgresql.core.ConnectionFactory.openConnection(ConnectionFactory.java:57)
	at org.postgresql.jdbc.PgConnection.<init>(PgConnection.java:290)
	at org.postgresql.Driver.makeConnection(Driver.java:448)
	at org.postgresql.Driver.connect(Driver.java:298)
	at com.zaxxer.hikari.util.DriverDataSource.getConnection(DriverDataSource.java:137)
	at com.zaxxer.hikari.pool.PoolBase.newConnection(PoolBase.java:360)
	at com.zaxxer.hikari.pool.PoolBase.newPoolEntry(PoolBase.java:202)
	at com.zaxxer.hikari.pool.HikariPool.createPoolEntry(HikariPool.java:461)
	at com.zaxxer.hikari.pool.HikariPool.checkFailFast(HikariPool.java:550)
	... 9 more
]]></error>
    <system-out><![CDATA[[DEBUG_LOG] Connecting to database using local configuration
[DEBUG_LOG] Using connection properties from db.properties
]]></system-out>
    <system-err><![CDATA[1 Command successfully executed : DROP TABLE IF E...
2 Command successfully executed : DROP TABLE IF E...
3 Command successfully executed : DROP TABLE IF E...
4 Command successfully executed : DROP TABLE IF E...
5 Command successfully executed : DROP TABLE IF E...
6 Command successfully executed : DROP TABLE IF E...
7 Command successfully executed : create table ca...
8 Command successfully executed : create table cl...
9 Command successfully executed : create table ch...
10 Command successfully executed : create table cl...
11 Command successfully executed : truncate table ...
12 Command successfully executed : truncate table ...
13 Command successfully executed : truncate table ...
14 Command successfully executed : truncate table ...
15 Command successfully executed : insert into cat...
16 Command successfully executed : insert into clu...
17 Command successfully executed : insert into chi...
18 Command successfully executed : insert into clu...
]]></system-err>
  </testcase>
  <testcase name="updateExistingCategory" classname="dao.CategoryDBTest" time="1.071">
    <error message="Failed to initialize pool: FATAL: role &quot;postgres&quot; does not exist" type="com.zaxxer.hikari.pool.HikariPool$PoolInitializationException"><![CDATA[com.zaxxer.hikari.pool.HikariPool$PoolInitializationException: Failed to initialize pool: FATAL: role "postgres" does not exist
	at com.zaxxer.hikari.pool.HikariPool.throwPoolInitializationException(HikariPool.java:584)
	at com.zaxxer.hikari.pool.HikariPool.checkFailFast(HikariPool.java:571)
	at com.zaxxer.hikari.pool.HikariPool.<init>(HikariPool.java:98)
	at com.zaxxer.hikari.HikariDataSource.<init>(HikariDataSource.java:80)
	at dao.DBUtil.initializeDataSource(DBUtil.java:77)
	at dao.DBUtil.getConnection(DBUtil.java:112)
	at dao.CategoryDB.<init>(CategoryDB.java:32)
	at dao.CategoryDBTest.setUp(CategoryDBTest.java:30)
	at java.base/java.lang.reflect.Method.invoke(Method.java:580)
	at java.base/java.util.ArrayList.forEach(ArrayList.java:1596)
	at java.base/java.util.ArrayList.forEach(ArrayList.java:1596)
Caused by: org.postgresql.util.PSQLException: FATAL: role "postgres" does not exist
	at org.postgresql.core.v3.QueryExecutorImpl.receiveErrorResponse(QueryExecutorImpl.java:2875)
	at org.postgresql.core.v3.QueryExecutorImpl.readStartupMessages(QueryExecutorImpl.java:3000)
	at org.postgresql.core.v3.QueryExecutorImpl.<init>(QueryExecutorImpl.java:235)
	at org.postgresql.core.v3.ConnectionFactoryImpl.openConnectionImpl(ConnectionFactoryImpl.java:344)
	at org.postgresql.core.ConnectionFactory.openConnection(ConnectionFactory.java:57)
	at org.postgresql.jdbc.PgConnection.<init>(PgConnection.java:290)
	at org.postgresql.Driver.makeConnection(Driver.java:448)
	at org.postgresql.Driver.connect(Driver.java:298)
	at com.zaxxer.hikari.util.DriverDataSource.getConnection(DriverDataSource.java:137)
	at com.zaxxer.hikari.pool.PoolBase.newConnection(PoolBase.java:360)
	at com.zaxxer.hikari.pool.PoolBase.newPoolEntry(PoolBase.java:202)
	at com.zaxxer.hikari.pool.HikariPool.createPoolEntry(HikariPool.java:461)
	at com.zaxxer.hikari.pool.HikariPool.checkFailFast(HikariPool.java:550)
	... 9 more
]]></error>
    <system-out><![CDATA[[DEBUG_LOG] Connecting to database using local configuration
[DEBUG_LOG] Using connection properties from db.properties
]]></system-out>
    <system-err><![CDATA[1 Command successfully executed : DROP TABLE IF E...
2 Command successfully executed : DROP TABLE IF E...
3 Command successfully executed : DROP TABLE IF E...
4 Command successfully executed : DROP TABLE IF E...
5 Command successfully executed : DROP TABLE IF E...
6 Command successfully executed : DROP TABLE IF E...
7 Command successfully executed : create table ca...
8 Command successfully executed : create table cl...
9 Command successfully executed : create table ch...
10 Command successfully executed : create table cl...
11 Command successfully executed : truncate table ...
12 Command successfully executed : truncate table ...
13 Command successfully executed : truncate table ...
14 Command successfully executed : truncate table ...
15 Command successfully executed : insert into cat...
16 Command successfully executed : insert into clu...
17 Command successfully executed : insert into chi...
18 Command successfully executed : insert into clu...
]]></system-err>
  </testcase>
  <testcase name="addCategoryShouldThrowExceptionForNullCategory" classname="dao.CategoryDBTest" time="1.085">
    <error message="Failed to initialize pool: FATAL: role &quot;postgres&quot; does not exist" type="com.zaxxer.hikari.pool.HikariPool$PoolInitializationException"><![CDATA[com.zaxxer.hikari.pool.HikariPool$PoolInitializationException: Failed to initialize pool: FATAL: role "postgres" does not exist
	at com.zaxxer.hikari.pool.HikariPool.throwPoolInitializationException(HikariPool.java:584)
	at com.zaxxer.hikari.pool.HikariPool.checkFailFast(HikariPool.java:571)
	at com.zaxxer.hikari.pool.HikariPool.<init>(HikariPool.java:98)
	at com.zaxxer.hikari.HikariDataSource.<init>(HikariDataSource.java:80)
	at dao.DBUtil.initializeDataSource(DBUtil.java:77)
	at dao.DBUtil.getConnection(DBUtil.java:112)
	at dao.CategoryDB.<init>(CategoryDB.java:32)
	at dao.CategoryDBTest.setUp(CategoryDBTest.java:30)
	at java.base/java.lang.reflect.Method.invoke(Method.java:580)
	at java.base/java.util.ArrayList.forEach(ArrayList.java:1596)
	at java.base/java.util.ArrayList.forEach(ArrayList.java:1596)
Caused by: org.postgresql.util.PSQLException: FATAL: role "postgres" does not exist
	at org.postgresql.core.v3.QueryExecutorImpl.receiveErrorResponse(QueryExecutorImpl.java:2875)
	at org.postgresql.core.v3.QueryExecutorImpl.readStartupMessages(QueryExecutorImpl.java:3000)
	at org.postgresql.core.v3.QueryExecutorImpl.<init>(QueryExecutorImpl.java:235)
	at org.postgresql.core.v3.ConnectionFactoryImpl.openConnectionImpl(ConnectionFactoryImpl.java:344)
	at org.postgresql.core.ConnectionFactory.openConnection(ConnectionFactory.java:57)
	at org.postgresql.jdbc.PgConnection.<init>(PgConnection.java:290)
	at org.postgresql.Driver.makeConnection(Driver.java:448)
	at org.postgresql.Driver.connect(Driver.java:298)
	at com.zaxxer.hikari.util.DriverDataSource.getConnection(DriverDataSource.java:137)
	at com.zaxxer.hikari.pool.PoolBase.newConnection(PoolBase.java:360)
	at com.zaxxer.hikari.pool.PoolBase.newPoolEntry(PoolBase.java:202)
	at com.zaxxer.hikari.pool.HikariPool.createPoolEntry(HikariPool.java:461)
	at com.zaxxer.hikari.pool.HikariPool.checkFailFast(HikariPool.java:550)
	... 9 more
]]></error>
    <system-out><![CDATA[[DEBUG_LOG] Connecting to database using local configuration
[DEBUG_LOG] Using connection properties from db.properties
]]></system-out>
    <system-err><![CDATA[1 Command successfully executed : DROP TABLE IF E...
2 Command successfully executed : DROP TABLE IF E...
3 Command successfully executed : DROP TABLE IF E...
4 Command successfully executed : DROP TABLE IF E...
5 Command successfully executed : DROP TABLE IF E...
6 Command successfully executed : DROP TABLE IF E...
7 Command successfully executed : create table ca...
8 Command successfully executed : create table cl...
9 Command successfully executed : create table ch...
10 Command successfully executed : create table cl...
11 Command successfully executed : truncate table ...
12 Command successfully executed : truncate table ...
13 Command successfully executed : truncate table ...
14 Command successfully executed : truncate table ...
15 Command successfully executed : insert into cat...
16 Command successfully executed : insert into clu...
17 Command successfully executed : insert into chi...
18 Command successfully executed : insert into clu...
]]></system-err>
  </testcase>
  <testcase name="findAllChildrenInCategoryShouldThrowExceptionForNullCategoryId" classname="dao.CategoryDBTest" time="1.06">
    <error message="Failed to initialize pool: FATAL: role &quot;postgres&quot; does not exist" type="com.zaxxer.hikari.pool.HikariPool$PoolInitializationException"><![CDATA[com.zaxxer.hikari.pool.HikariPool$PoolInitializationException: Failed to initialize pool: FATAL: role "postgres" does not exist
	at com.zaxxer.hikari.pool.HikariPool.throwPoolInitializationException(HikariPool.java:584)
	at com.zaxxer.hikari.pool.HikariPool.checkFailFast(HikariPool.java:571)
	at com.zaxxer.hikari.pool.HikariPool.<init>(HikariPool.java:98)
	at com.zaxxer.hikari.HikariDataSource.<init>(HikariDataSource.java:80)
	at dao.DBUtil.initializeDataSource(DBUtil.java:77)
	at dao.DBUtil.getConnection(DBUtil.java:112)
	at dao.CategoryDB.<init>(CategoryDB.java:32)
	at dao.CategoryDBTest.setUp(CategoryDBTest.java:30)
	at java.base/java.lang.reflect.Method.invoke(Method.java:580)
	at java.base/java.util.ArrayList.forEach(ArrayList.java:1596)
	at java.base/java.util.ArrayList.forEach(ArrayList.java:1596)
Caused by: org.postgresql.util.PSQLException: FATAL: role "postgres" does not exist
	at org.postgresql.core.v3.QueryExecutorImpl.receiveErrorResponse(QueryExecutorImpl.java:2875)
	at org.postgresql.core.v3.QueryExecutorImpl.readStartupMessages(QueryExecutorImpl.java:3000)
	at org.postgresql.core.v3.QueryExecutorImpl.<init>(QueryExecutorImpl.java:235)
	at org.postgresql.core.v3.ConnectionFactoryImpl.openConnectionImpl(ConnectionFactoryImpl.java:344)
	at org.postgresql.core.ConnectionFactory.openConnection(ConnectionFactory.java:57)
	at org.postgresql.jdbc.PgConnection.<init>(PgConnection.java:290)
	at org.postgresql.Driver.makeConnection(Driver.java:448)
	at org.postgresql.Driver.connect(Driver.java:298)
	at com.zaxxer.hikari.util.DriverDataSource.getConnection(DriverDataSource.java:137)
	at com.zaxxer.hikari.pool.PoolBase.newConnection(PoolBase.java:360)
	at com.zaxxer.hikari.pool.PoolBase.newPoolEntry(PoolBase.java:202)
	at com.zaxxer.hikari.pool.HikariPool.createPoolEntry(HikariPool.java:461)
	at com.zaxxer.hikari.pool.HikariPool.checkFailFast(HikariPool.java:550)
	... 9 more
]]></error>
    <system-out><![CDATA[[DEBUG_LOG] Connecting to database using local configuration
[DEBUG_LOG] Using connection properties from db.properties
]]></system-out>
    <system-err><![CDATA[1 Command successfully executed : DROP TABLE IF E...
2 Command successfully executed : DROP TABLE IF E...
3 Command successfully executed : DROP TABLE IF E...
4 Command successfully executed : DROP TABLE IF E...
5 Command successfully executed : DROP TABLE IF E...
6 Command successfully executed : DROP TABLE IF E...
7 Command successfully executed : create table ca...
8 Command successfully executed : create table cl...
9 Command successfully executed : create table ch...
10 Command successfully executed : create table cl...
11 Command successfully executed : truncate table ...
12 Command successfully executed : truncate table ...
13 Command successfully executed : truncate table ...
14 Command successfully executed : truncate table ...
15 Command successfully executed : insert into cat...
16 Command successfully executed : insert into clu...
17 Command successfully executed : insert into chi...
18 Command successfully executed : insert into clu...
]]></system-err>
  </testcase>
  <testcase name="findCategoriesByTitlePartShouldThrowExceptionForNullTitlePart" classname="dao.CategoryDBTest" time="1.082">
    <error message="Failed to initialize pool: FATAL: role &quot;postgres&quot; does not exist" type="com.zaxxer.hikari.pool.HikariPool$PoolInitializationException"><![CDATA[com.zaxxer.hikari.pool.HikariPool$PoolInitializationException: Failed to initialize pool: FATAL: role "postgres" does not exist
	at com.zaxxer.hikari.pool.HikariPool.throwPoolInitializationException(HikariPool.java:584)
	at com.zaxxer.hikari.pool.HikariPool.checkFailFast(HikariPool.java:571)
	at com.zaxxer.hikari.pool.HikariPool.<init>(HikariPool.java:98)
	at com.zaxxer.hikari.HikariDataSource.<init>(HikariDataSource.java:80)
	at dao.DBUtil.initializeDataSource(DBUtil.java:77)
	at dao.DBUtil.getConnection(DBUtil.java:112)
	at dao.CategoryDB.<init>(CategoryDB.java:32)
	at dao.CategoryDBTest.setUp(CategoryDBTest.java:30)
	at java.base/java.lang.reflect.Method.invoke(Method.java:580)
	at java.base/java.util.ArrayList.forEach(ArrayList.java:1596)
	at java.base/java.util.ArrayList.forEach(ArrayList.java:1596)
Caused by: org.postgresql.util.PSQLException: FATAL: role "postgres" does not exist
	at org.postgresql.core.v3.QueryExecutorImpl.receiveErrorResponse(QueryExecutorImpl.java:2875)
	at org.postgresql.core.v3.QueryExecutorImpl.readStartupMessages(QueryExecutorImpl.java:3000)
	at org.postgresql.core.v3.QueryExecutorImpl.<init>(QueryExecutorImpl.java:235)
	at org.postgresql.core.v3.ConnectionFactoryImpl.openConnectionImpl(ConnectionFactoryImpl.java:344)
	at org.postgresql.core.ConnectionFactory.openConnection(ConnectionFactory.java:57)
	at org.postgresql.jdbc.PgConnection.<init>(PgConnection.java:290)
	at org.postgresql.Driver.makeConnection(Driver.java:448)
	at org.postgresql.Driver.connect(Driver.java:298)
	at com.zaxxer.hikari.util.DriverDataSource.getConnection(DriverDataSource.java:137)
	at com.zaxxer.hikari.pool.PoolBase.newConnection(PoolBase.java:360)
	at com.zaxxer.hikari.pool.PoolBase.newPoolEntry(PoolBase.java:202)
	at com.zaxxer.hikari.pool.HikariPool.createPoolEntry(HikariPool.java:461)
	at com.zaxxer.hikari.pool.HikariPool.checkFailFast(HikariPool.java:550)
	... 9 more
]]></error>
    <system-out><![CDATA[[DEBUG_LOG] Connecting to database using local configuration
[DEBUG_LOG] Using connection properties from db.properties
]]></system-out>
    <system-err><![CDATA[1 Command successfully executed : DROP TABLE IF E...
2 Command successfully executed : DROP TABLE IF E...
3 Command successfully executed : DROP TABLE IF E...
4 Command successfully executed : DROP TABLE IF E...
5 Command successfully executed : DROP TABLE IF E...
6 Command successfully executed : DROP TABLE IF E...
7 Command successfully executed : create table ca...
8 Command successfully executed : create table cl...
9 Command successfully executed : create table ch...
10 Command successfully executed : create table cl...
11 Command successfully executed : truncate table ...
12 Command successfully executed : truncate table ...
13 Command successfully executed : truncate table ...
14 Command successfully executed : truncate table ...
15 Command successfully executed : insert into cat...
16 Command successfully executed : insert into clu...
17 Command successfully executed : insert into chi...
18 Command successfully executed : insert into clu...
]]></system-err>
  </testcase>
  <testcase name="deleteCategoryShouldThrowExceptionForNullId" classname="dao.CategoryDBTest" time="1.075">
    <error message="Failed to initialize pool: FATAL: role &quot;postgres&quot; does not exist" type="com.zaxxer.hikari.pool.HikariPool$PoolInitializationException"><![CDATA[com.zaxxer.hikari.pool.HikariPool$PoolInitializationException: Failed to initialize pool: FATAL: role "postgres" does not exist
	at com.zaxxer.hikari.pool.HikariPool.throwPoolInitializationException(HikariPool.java:584)
	at com.zaxxer.hikari.pool.HikariPool.checkFailFast(HikariPool.java:571)
	at com.zaxxer.hikari.pool.HikariPool.<init>(HikariPool.java:98)
	at com.zaxxer.hikari.HikariDataSource.<init>(HikariDataSource.java:80)
	at dao.DBUtil.initializeDataSource(DBUtil.java:77)
	at dao.DBUtil.getConnection(DBUtil.java:112)
	at dao.CategoryDB.<init>(CategoryDB.java:32)
	at dao.CategoryDBTest.setUp(CategoryDBTest.java:30)
	at java.base/java.lang.reflect.Method.invoke(Method.java:580)
	at java.base/java.util.ArrayList.forEach(ArrayList.java:1596)
	at java.base/java.util.ArrayList.forEach(ArrayList.java:1596)
Caused by: org.postgresql.util.PSQLException: FATAL: role "postgres" does not exist
	at org.postgresql.core.v3.QueryExecutorImpl.receiveErrorResponse(QueryExecutorImpl.java:2875)
	at org.postgresql.core.v3.QueryExecutorImpl.readStartupMessages(QueryExecutorImpl.java:3000)
	at org.postgresql.core.v3.QueryExecutorImpl.<init>(QueryExecutorImpl.java:235)
	at org.postgresql.core.v3.ConnectionFactoryImpl.openConnectionImpl(ConnectionFactoryImpl.java:344)
	at org.postgresql.core.ConnectionFactory.openConnection(ConnectionFactory.java:57)
	at org.postgresql.jdbc.PgConnection.<init>(PgConnection.java:290)
	at org.postgresql.Driver.makeConnection(Driver.java:448)
	at org.postgresql.Driver.connect(Driver.java:298)
	at com.zaxxer.hikari.util.DriverDataSource.getConnection(DriverDataSource.java:137)
	at com.zaxxer.hikari.pool.PoolBase.newConnection(PoolBase.java:360)
	at com.zaxxer.hikari.pool.PoolBase.newPoolEntry(PoolBase.java:202)
	at com.zaxxer.hikari.pool.HikariPool.createPoolEntry(HikariPool.java:461)
	at com.zaxxer.hikari.pool.HikariPool.checkFailFast(HikariPool.java:550)
	... 9 more
]]></error>
    <system-out><![CDATA[[DEBUG_LOG] Connecting to database using local configuration
[DEBUG_LOG] Using connection properties from db.properties
]]></system-out>
    <system-err><![CDATA[1 Command successfully executed : DROP TABLE IF E...
2 Command successfully executed : DROP TABLE IF E...
3 Command successfully executed : DROP TABLE IF E...
4 Command successfully executed : DROP TABLE IF E...
5 Command successfully executed : DROP TABLE IF E...
6 Command successfully executed : DROP TABLE IF E...
7 Command successfully executed : create table ca...
8 Command successfully executed : create table cl...
9 Command successfully executed : create table ch...
10 Command successfully executed : create table cl...
11 Command successfully executed : truncate table ...
12 Command successfully executed : truncate table ...
13 Command successfully executed : truncate table ...
14 Command successfully executed : truncate table ...
15 Command successfully executed : insert into cat...
16 Command successfully executed : insert into clu...
17 Command successfully executed : insert into chi...
18 Command successfully executed : insert into clu...
]]></system-err>
  </testcase>
  <testcase name="updateCategoryShouldThrowExceptionForEmptyTitle" classname="dao.CategoryDBTest" time="1.074">
    <error message="Failed to initialize pool: FATAL: role &quot;postgres&quot; does not exist" type="com.zaxxer.hikari.pool.HikariPool$PoolInitializationException"><![CDATA[com.zaxxer.hikari.pool.HikariPool$PoolInitializationException: Failed to initialize pool: FATAL: role "postgres" does not exist
	at com.zaxxer.hikari.pool.HikariPool.throwPoolInitializationException(HikariPool.java:584)
	at com.zaxxer.hikari.pool.HikariPool.checkFailFast(HikariPool.java:571)
	at com.zaxxer.hikari.pool.HikariPool.<init>(HikariPool.java:98)
	at com.zaxxer.hikari.HikariDataSource.<init>(HikariDataSource.java:80)
	at dao.DBUtil.initializeDataSource(DBUtil.java:77)
	at dao.DBUtil.getConnection(DBUtil.java:112)
	at dao.CategoryDB.<init>(CategoryDB.java:32)
	at dao.CategoryDBTest.setUp(CategoryDBTest.java:30)
	at java.base/java.lang.reflect.Method.invoke(Method.java:580)
	at java.base/java.util.ArrayList.forEach(ArrayList.java:1596)
	at java.base/java.util.ArrayList.forEach(ArrayList.java:1596)
Caused by: org.postgresql.util.PSQLException: FATAL: role "postgres" does not exist
	at org.postgresql.core.v3.QueryExecutorImpl.receiveErrorResponse(QueryExecutorImpl.java:2875)
	at org.postgresql.core.v3.QueryExecutorImpl.readStartupMessages(QueryExecutorImpl.java:3000)
	at org.postgresql.core.v3.QueryExecutorImpl.<init>(QueryExecutorImpl.java:235)
	at org.postgresql.core.v3.ConnectionFactoryImpl.openConnectionImpl(ConnectionFactoryImpl.java:344)
	at org.postgresql.core.ConnectionFactory.openConnection(ConnectionFactory.java:57)
	at org.postgresql.jdbc.PgConnection.<init>(PgConnection.java:290)
	at org.postgresql.Driver.makeConnection(Driver.java:448)
	at org.postgresql.Driver.connect(Driver.java:298)
	at com.zaxxer.hikari.util.DriverDataSource.getConnection(DriverDataSource.java:137)
	at com.zaxxer.hikari.pool.PoolBase.newConnection(PoolBase.java:360)
	at com.zaxxer.hikari.pool.PoolBase.newPoolEntry(PoolBase.java:202)
	at com.zaxxer.hikari.pool.HikariPool.createPoolEntry(HikariPool.java:461)
	at com.zaxxer.hikari.pool.HikariPool.checkFailFast(HikariPool.java:550)
	... 9 more
]]></error>
    <system-out><![CDATA[[DEBUG_LOG] Connecting to database using local configuration
[DEBUG_LOG] Using connection properties from db.properties
]]></system-out>
    <system-err><![CDATA[1 Command successfully executed : DROP TABLE IF E...
2 Command successfully executed : DROP TABLE IF E...
3 Command successfully executed : DROP TABLE IF E...
4 Command successfully executed : DROP TABLE IF E...
5 Command successfully executed : DROP TABLE IF E...
6 Command successfully executed : DROP TABLE IF E...
7 Command successfully executed : create table ca...
8 Command successfully executed : create table cl...
9 Command successfully executed : create table ch...
10 Command successfully executed : create table cl...
11 Command successfully executed : truncate table ...
12 Command successfully executed : truncate table ...
13 Command successfully executed : truncate table ...
14 Command successfully executed : truncate table ...
15 Command successfully executed : insert into cat...
16 Command successfully executed : insert into clu...
17 Command successfully executed : insert into chi...
18 Command successfully executed : insert into clu...
]]></system-err>
  </testcase>
</testsuite>